#
# There is insufficient memory for the Java Runtime Environment to continue.
# Native memory allocation (mmap) failed to map 260046848 bytes for G1 virtual space
# Possible reasons:
#   The system is out of physical RAM or swap space
#   The process is running with CompressedOops enabled, and the Java Heap may be blocking the growth of the native heap
# Possible solutions:
#   Reduce memory load on the system
#   Increase physical memory or swap space
#   Check if swap backing store is full
#   Decrease Java heap size (-Xmx/-Xms)
#   Decrease number of Java threads
#   Decrease Java thread stack sizes (-Xss)
#   Set larger code cache with -XX:ReservedCodeCacheSize=
#   JVM is running with Zero Based Compressed Oops mode in which the Java heap is
#     placed in the first 32GB address space. The Java Heap base address is the
#     maximum limit for the native heap growth. Please use -XX:HeapBaseMinAddress
#     to set the Java Heap base and to place the Java Heap above 32GB virtual address.
# This output file may be truncated or incomplete.
#
#  Out of Memory Error (os_windows.cpp:3552), pid=36456, tid=8516
#
# JRE version:  (17.0.9+11) (build )
# Java VM: Java HotSpot(TM) 64-Bit Server VM (17.0.9+11-LTS-201, mixed mode, emulated-client, sharing, tiered, compressed oops, compressed class ptrs, g1 gc, windows-amd64)
# No core dump will be written. Minidumps are not enabled by default on client versions of Windows
#

---------------  S U M M A R Y ------------

Command Line: -XX:TieredStopAtLevel=1 com.outlookmail.mailapp.MailappApplication

Host: Intel(R) Core(TM) i7-6820HQ CPU @ 2.70GHz, 8 cores, 15G,  Windows 10 , 64 bit Build 19041 (10.0.19041.5915)
Time: Wed Jul  2 02:04:52 2025 SE Asia Standard Time elapsed time: 0.018892 seconds (0d 0h 0m 0s)

---------------  T H R E A D  ---------------

Current thread (0x00000221b76bf400):  JavaThread "Unknown thread" [_thread_in_vm, id=8516, stack(0x000000c5fd600000,0x000000c5fd700000)]

Stack: [0x000000c5fd600000,0x000000c5fd700000]
Native frames: (J=compiled Java code, j=interpreted, Vv=VM code, C=native code)
V  [jvm.dll+0x678a4a]
V  [jvm.dll+0x7d9cfd]
V  [jvm.dll+0x7db60e]
V  [jvm.dll+0x7dbc73]
V  [jvm.dll+0x245e1f]
V  [jvm.dll+0x6758f9]
V  [jvm.dll+0x66a2a2]
V  [jvm.dll+0x303686]
V  [jvm.dll+0x30ac06]
V  [jvm.dll+0x35a48e]
V  [jvm.dll+0x35a6bf]
V  [jvm.dll+0x2da678]
V  [jvm.dll+0x2db5e4]
V  [jvm.dll+0x7ab6b1]
V  [jvm.dll+0x368041]
V  [jvm.dll+0x78a749]
V  [jvm.dll+0x3ebd4f]
V  [jvm.dll+0x3ed7d1]
C  [jli.dll+0x5297]
C  [ucrtbase.dll+0x21bb2]
C  [KERNEL32.DLL+0x17374]
C  [ntdll.dll+0x4cc91]


---------------  P R O C E S S  ---------------

Threads class SMR info:
_java_thread_list=0x00007ffce1e089d8, length=0, elements={
}

Java Threads: ( => current thread )

Other Threads:
  0x00000221b77305a0 GCTaskThread "GC Thread#0" [stack: 0x000000c5fd700000,0x000000c5fd800000] [id=48608]
  0x00000221b7742a10 ConcurrentGCThread "G1 Main Marker" [stack: 0x000000c5fd800000,0x000000c5fd900000] [id=21644]
  0x00000221b7744ad0 ConcurrentGCThread "G1 Conc#0" [stack: 0x000000c5fd900000,0x000000c5fda00000] [id=45840]

[error occurred during error reporting (printing all threads), id 0xc0000005, EXCEPTION_ACCESS_VIOLATION (0xc0000005) at pc=0x00007ffce163b2d7]

VM state: not at safepoint (not fully initialized)

VM Mutex/Monitor currently owned by a thread:  ([mutex/lock_event])
[0x00000221b76baf10] Heap_lock - owner thread: 0x00000221b76bf400

Heap address: 0x0000000709e00000, size: 3938 MB, Compressed Oops mode: Zero based, Oop shift amount: 3

CDS archive(s) mapped at: [0x0000000000000000-0x0000000000000000-0x0000000000000000), size 0, SharedBaseAddress: 0x0000000800000000, ArchiveRelocationMode: 1.
Narrow klass base: 0x0000000000000000, Narrow klass shift: 0, Narrow klass range: 0x0

GC Precious Log:
<Empty>

Heap:
 garbage-first heap   total 0K, used 0K [0x0000000709e00000, 0x0000000800000000)
  region size 2048K, 0 young (0K), 0 survivors (0K)

[error occurred during error reporting (printing heap information), id 0xc0000005, EXCEPTION_ACCESS_VIOLATION (0xc0000005) at pc=0x00007ffce1a22229]

GC Heap History (0 events):
No events

Deoptimization events (0 events):
No events

Classes unloaded (0 events):
No events

Classes redefined (0 events):
No events

Internal exceptions (0 events):
No events

VM Operations (0 events):
No events

Events (1 events):
Event: 0.011 Loaded shared library C:\Program Files\Java\jdk-17\bin\java.dll


Dynamic libraries:
0x00007ff64db60000 - 0x00007ff64db70000 	C:\Program Files\Java\jdk-17\bin\java.exe
0x00007ffdb4b50000 - 0x00007ffdb4d48000 	C:\WINDOWS\SYSTEM32\ntdll.dll
0x00007ffdb4950000 - 0x00007ffdb4a12000 	C:\WINDOWS\System32\KERNEL32.DLL
0x00007ffdb21e0000 - 0x00007ffdb24d6000 	C:\WINDOWS\System32\KERNELBASE.dll
0x00007ffdb24e0000 - 0x00007ffdb25e0000 	C:\WINDOWS\System32\ucrtbase.dll
0x00007ffd6e2c0000 - 0x00007ffd6e2db000 	C:\Program Files\Java\jdk-17\bin\VCRUNTIME140.dll
0x00007ffd0a3d0000 - 0x00007ffd0a3e9000 	C:\Program Files\Java\jdk-17\bin\jli.dll
0x00007ffdb2fc0000 - 0x00007ffdb3071000 	C:\WINDOWS\System32\ADVAPI32.dll
0x00007ffdb4a40000 - 0x00007ffdb4ade000 	C:\WINDOWS\System32\msvcrt.dll
0x00007ffdb4720000 - 0x00007ffdb47bf000 	C:\WINDOWS\System32\sechost.dll
0x00007ffdb3710000 - 0x00007ffdb3833000 	C:\WINDOWS\System32\RPCRT4.dll
0x00007ffdb2b40000 - 0x00007ffdb2b67000 	C:\WINDOWS\System32\bcrypt.dll
0x00007ffdb40a0000 - 0x00007ffdb423d000 	C:\WINDOWS\System32\USER32.dll
0x00007ffdb2950000 - 0x00007ffdb2972000 	C:\WINDOWS\System32\win32u.dll
0x00007ffdb47c0000 - 0x00007ffdb47eb000 	C:\WINDOWS\System32\GDI32.dll
0x00007ffdb2980000 - 0x00007ffdb2a98000 	C:\WINDOWS\System32\gdi32full.dll
0x00007ffdb2aa0000 - 0x00007ffdb2b3d000 	C:\WINDOWS\System32\msvcp_win.dll
0x00007ffd9db70000 - 0x00007ffd9de0a000 	C:\WINDOWS\WinSxS\amd64_microsoft.windows.common-controls_6595b64144ccf1df_6.0.19041.5915_none_60b4b9d171f9c7c7\COMCTL32.dll
0x00007ffdabe80000 - 0x00007ffdabe8a000 	C:\WINDOWS\SYSTEM32\VERSION.dll
0x00007ffdb4ae0000 - 0x00007ffdb4b0f000 	C:\WINDOWS\System32\IMM32.DLL
0x00007ffd9b140000 - 0x00007ffd9b14c000 	C:\Program Files\Java\jdk-17\bin\vcruntime140_1.dll
0x00007ffd1e040000 - 0x00007ffd1e0ce000 	C:\Program Files\Java\jdk-17\bin\msvcp140.dll
0x00007ffce1350000 - 0x00007ffce1f31000 	C:\Program Files\Java\jdk-17\bin\server\jvm.dll
0x00007ffdb4710000 - 0x00007ffdb4718000 	C:\WINDOWS\System32\PSAPI.DLL
0x00007ffd95640000 - 0x00007ffd95649000 	C:\WINDOWS\SYSTEM32\WSOCK32.dll
0x00007ffdb3640000 - 0x00007ffdb36ab000 	C:\WINDOWS\System32\WS2_32.dll
0x00007ffda25b0000 - 0x00007ffda25d7000 	C:\WINDOWS\SYSTEM32\WINMM.dll
0x00007ffdb09c0000 - 0x00007ffdb09d2000 	C:\WINDOWS\SYSTEM32\kernel.appcore.dll
0x00007ffd93d20000 - 0x00007ffd93d2a000 	C:\Program Files\Java\jdk-17\bin\jimage.dll
0x00007ffda1c10000 - 0x00007ffda1e11000 	C:\WINDOWS\SYSTEM32\DBGHELP.DLL
0x00007ffda7360000 - 0x00007ffda7394000 	C:\WINDOWS\SYSTEM32\dbgcore.DLL
0x00007ffdb25e0000 - 0x00007ffdb2662000 	C:\WINDOWS\System32\bcryptPrimitives.dll
0x00007ffd6dec0000 - 0x00007ffd6dee5000 	C:\Program Files\Java\jdk-17\bin\java.dll

dbghelp: loaded successfully - version: 4.0.5 - missing functions: none
symbol engine: initialized successfully - sym options: 0x614 - pdb path: .;C:\Program Files\Java\jdk-17\bin;C:\WINDOWS\SYSTEM32;C:\WINDOWS\WinSxS\amd64_microsoft.windows.common-controls_6595b64144ccf1df_6.0.19041.5915_none_60b4b9d171f9c7c7;C:\Program Files\Java\jdk-17\bin\server

VM Arguments:
jvm_args: -XX:TieredStopAtLevel=1 
java_command: com.outlookmail.mailapp.MailappApplication
java_class_path (initial): D:\mailapp\target\classes;C:\Users\Admin\.m2\repository\org\aspectj\aspectjweaver\1.9.24\aspectjweaver-1.9.24.jar;C:\Users\Admin\.m2\repository\com\zaxxer\HikariCP\5.1.0\HikariCP-5.1.0.jar;C:\Users\Admin\.m2\repository\org\springframework\spring-jdbc\6.1.21\spring-jdbc-6.1.21.jar;C:\Users\Admin\.m2\repository\org\hibernate\orm\hibernate-core\6.5.3.Final\hibernate-core-6.5.3.Final.jar;C:\Users\Admin\.m2\repository\jakarta\persistence\jakarta.persistence-api\3.1.0\jakarta.persistence-api-3.1.0.jar;C:\Users\Admin\.m2\repository\jakarta\transaction\jakarta.transaction-api\2.0.1\jakarta.transaction-api-2.0.1.jar;C:\Users\Admin\.m2\repository\org\jboss\logging\jboss-logging\3.5.3.Final\jboss-logging-3.5.3.Final.jar;C:\Users\Admin\.m2\repository\org\hibernate\common\hibernate-commons-annotations\6.0.6.Final\hibernate-commons-annotations-6.0.6.Final.jar;C:\Users\Admin\.m2\repository\io\smallrye\jandex\3.1.2\jandex-3.1.2.jar;C:\Users\Admin\.m2\repository\com\fasterxml\classmate\1.7.0\classmate-1.7.0.jar;C:\Users\Admin\.m2\repository\net\bytebuddy\byte-buddy\1.14.19\byte-buddy-1.14.19.jar;C:\Users\Admin\.m2\repository\org\glassfish\jaxb\jaxb-runtime\4.0.5\jaxb-runtime-4.0.5.jar;C:\Users\Admin\.m2\repository\org\glassfish\jaxb\jaxb-core\4.0.5\jaxb-core-4.0.5.jar;C:\Users\Admin\.m2\repository\org\eclipse\angus\angus-activation\2.0.2\angus-activation-2.0.2.jar;C:\Users\Admin\.m2\repository\org\glassfish\jaxb\txw2\4.0.5\txw2-4.0.5.jar;C:\Users\Admin\.m2\repository\com\sun\istack\istack-commons-runtime\4.1.2\istack-commons-runtime-4.1.2.jar;C:\Users\Admin\.m2\repository\jakarta\inject\jakarta.inject-api\2.0.1\jakarta.inject-api-2.0.1.jar;C:\Users\Admin\.m2\repository\org\antlr\antlr4-runtime\4.13.0\antlr4-runtime-4.13.0.jar;C:\Users\Admin\.m2\repository\org\springframework\data\spring-data-jpa\3.3.13\spring-data-jpa-3.3.13.jar;C:\Users\Admin\.m2\repository\org\springframework\data\spring-data-commons\3.3.13\spring-data-commons-3.3.13.jar;C:\Users\Admin
Launcher Type: SUN_STANDARD

[Global flags]
     intx CICompilerCount                          = 4                                         {product} {ergonomic}
     uint ConcGCThreads                            = 2                                         {product} {ergonomic}
     uint G1ConcRefinementThreads                  = 8                                         {product} {ergonomic}
   size_t G1HeapRegionSize                         = 2097152                                   {product} {ergonomic}
    uintx GCDrainStackTargetSize                   = 64                                        {product} {ergonomic}
   size_t InitialHeapSize                          = 260046848                                 {product} {ergonomic}
   size_t MarkStackSize                            = 4194304                                   {product} {ergonomic}
   size_t MaxHeapSize                              = 4129292288                                {product} {ergonomic}
   size_t MinHeapDeltaBytes                        = 2097152                                   {product} {ergonomic}
   size_t MinHeapSize                              = 8388608                                   {product} {ergonomic}
    uintx NonProfiledCodeHeapSize                  = 0                                      {pd product} {ergonomic}
     bool ProfileInterpreter                       = false                                  {pd product} {command line}
    uintx ProfiledCodeHeapSize                     = 0                                      {pd product} {ergonomic}
   size_t SoftMaxHeapSize                          = 4129292288                             {manageable} {ergonomic}
     intx TieredStopAtLevel                        = 1                                         {product} {command line}
     bool UseCompressedClassPointers               = true                           {product lp64_product} {ergonomic}
     bool UseCompressedOops                        = true                           {product lp64_product} {ergonomic}
     bool UseG1GC                                  = true                                      {product} {ergonomic}
     bool UseLargePagesIndividualAllocation        = false                                  {pd product} {ergonomic}

Logging:
Log output configuration:
 #0: stdout all=warning uptime,level,tags
 #1: stderr all=off uptime,level,tags

Environment Variables:
JAVA_HOME=C:\Program Files\Java\jdk-17
PATH=C:\Program Files\Common Files\Oracle\Java\javapath;C:\Users\Admin\Downloads\ffmpeg-7.1-essentials_build\ffmpeg-7.1-essentials_build\bin;C:\WINDOWS\system32;C:\WINDOWS;C:\WINDOWS\System32\Wbem;C:\WINDOWS\System32\WindowsPowerShell\v1.0\;C:\WINDOWS\System32\OpenSSH\;C:\Program Files\dotnet\;C:\Program Files\nodejs\;C:\Program Files (x86)\Microsoft SQL Server\160\Tools\Binn\;C:\Program Files\Microsoft SQL Server\160\Tools\Binn\;C:\Program Files\Microsoft SQL Server\Client SDK\ODBC\170\Tools\Binn\;C:\Program Files\Microsoft SQL Server\160\DTS\Binn\;C:\Program Files (x86)\Microsoft SQL Server\160\DTS\Binn\;C:\Program Files\Git\cmd;C:\apache-ant-1.10.15\bin;C:\apache-maven-3.9.10\bin;C:\Users\Admin\AppData\Local\Programs\Python\Python313\Scripts\;C:\Users\Admin\AppData\Local\Programs\Python\Python313\;C:\flutter\bin;C:\Users\Admin\AppData\Local\Programs\Microsoft VS Code\bin;C:\Users\Admin\.lmstudio\bin;C:\Users\Admin\AppData\Local\Programs\cursor\resources\app\bin;C:\Program Files\JetBrains\IntelliJ IDEA Community Edition 2025.1.1.1\bin;;C:\Program Files\Java\jdk-17\bin;C:\Users\Admin\AppData\Local\GitHubDesktop\bin;C:\Users\Admin\AppData\Local\Programs\Windsurf\bin;C:\Learn Kì 4\maven-mvnd-1.0.2-windows-amd64\bin;
USERNAME=Admin
LANG=en_US.UTF-8
OS=Windows_NT
PROCESSOR_IDENTIFIER=Intel64 Family 6 Model 94 Stepping 3, GenuineIntel



---------------  S Y S T E M  ---------------

OS:
 Windows 10 , 64 bit Build 19041 (10.0.19041.5915)
OS uptime: 0 days 19:01 hours
Hyper-V role detected

CPU: total 8 (initial active 8) (4 cores per cpu, 2 threads per core) family 6 model 94 stepping 3 microcode 0xd6, cx8, cmov, fxsr, ht, mmx, 3dnowpref, sse, sse2, sse3, ssse3, sse4.1, sse4.2, popcnt, lzcnt, tsc, tscinvbit, avx, avx2, aes, erms, clmul, bmi1, bmi2, rtm, adx, fma, vzeroupper, clflush, clflushopt, hv

Memory: 4k page, system-wide physical 15750M (1710M free)
TotalPageFile size 23942M (AvailPageFile size 236M)
current process WorkingSet (physical memory assigned to process): 11M, peak: 11M
current process commit charge ("private bytes"): 55M, peak: 303M

vm_info: Java HotSpot(TM) 64-Bit Server VM (17.0.9+11-LTS-201) for windows-amd64 JRE (17.0.9+11-LTS-201), built on Oct 10 2023 23:16:06 by "mach5one" with MS VC++ 17.1 (VS2022)

END.
